<?xml version="1.0" encoding="UTF-8"?>
<testng-results ignored="0" total="1" passed="1" failed="0" skipped="0">
  <reporter-output>
  </reporter-output>
  <suite started-at="2025-05-29T09:24:21 IST" name="Suite" finished-at="2025-05-29T09:24:40 IST" duration-ms="18778">
    <groups>
    </groups>
    <test started-at="2025-05-29T09:24:21 IST" name="Test" finished-at="2025-05-29T09:24:40 IST" duration-ms="18778">
      <class name="maven.project.SearchProduct1">
        <test-method is-config="true" signature="search(java.lang.String)[pri:0, instance:maven.project.SearchProduct1@3eb25e1a]" started-at="2025-05-29T09:24:21 IST" name="search" finished-at="2025-05-29T09:24:30 IST" duration-ms="9208" status="PASS">
          <params>
            <param index="0">
              <value>
                <![CDATA[https://automationexercise.com/]]>
              </value>
            </param>
          </params>
          <reporter-output>
          </reporter-output>
        </test-method> <!-- search -->
        <test-method signature="product()[pri:0, instance:maven.project.SearchProduct1@3eb25e1a]" started-at="2025-05-29T09:24:30 IST" name="product" finished-at="2025-05-29T09:24:40 IST" duration-ms="9508" status="PASS">
          <reporter-output>
          </reporter-output>
        </test-method> <!-- product -->
      </class> <!-- maven.project.SearchProduct1 -->
    </test> <!-- Test -->
  </suite> <!-- Suite -->
</testng-results>
